This is pdfTeX, Version 3.141592653-2.6-1.40.27 (TeX Live 2025) (preloaded format=pdflatex 2025.8.16)  18 AUG 2025 14:22
entering extended mode
 restricted \write18 enabled.
 file:line:error style messages enabled.
 %&-line parsing enabled.
**portfolio-paper.tex
(./portfolio-paper.tex
LaTeX2e <2024-11-01> patch level 2
L3 programming layer <2025-01-18>
(/usr/local/texlive/2025/texmf-dist/tex/latex/base/article.cls
Document Class: article 2024/06/29 v1.4n Standard LaTeX document class
(/usr/local/texlive/2025/texmf-dist/tex/latex/base/size12.clo
File: size12.clo 2024/06/29 v1.4n Standard LaTeX file (size option)
)
\c@part=\count196
\c@section=\count197
\c@subsection=\count198
\c@subsubsection=\count199
\c@paragraph=\count266
\c@subparagraph=\count267
\c@figure=\count268
\c@table=\count269
\abovecaptionskip=\skip49
\belowcaptionskip=\skip50
\bibindent=\dimen141
)
(/usr/local/texlive/2025/texmf-dist/tex/latex/base/inputenc.sty
Package: inputenc 2024/02/08 v1.3d Input encoding file
\inpenc@prehook=\toks17
\inpenc@posthook=\toks18
)
(/usr/local/texlive/2025/texmf-dist/tex/generic/babel/babel.sty
Package: babel 2025/02/14 v25.4 The multilingual framework for pdfLaTeX, LuaLaT
eX and XeLaTeX
\babel@savecnt=\count270
\U@D=\dimen142
\l@unhyphenated=\language90

(/usr/local/texlive/2025/texmf-dist/tex/generic/babel/txtbabel.def)
\bbl@readstream=\read2
\bbl@dirlevel=\count271

(/usr/local/texlive/2025/texmf-dist/tex/generic/babel/errbabel.def)

/usr/local/texlive/2025/texmf-dist/tex/generic/babel/babel.sty:4138: Package ba
bel Error: Unknown option 'korean'. Either you misspelled it
(babel)                or the language definition file korean.ldf
(babel)                was not found.
(babel)                There is a locale ini file for this language.
(babel)                If it’s the main language, try adding `provide=*'
(babel)                to the babel package options.

See the babel package documentation for explanation.
Type  H <return>  for immediate help.
 ...                                              
                                                  
l.4138 \ProcessOptions*
                       
Valid options are, among others: shorthands=, KeepShorthandsActive,
activeacute, activegrave, noconfigs, safe=, main=, math=
headfoot=, strings=, config=, hyphenmap=, or a language name.

Package babel Info: You haven't specified a language as a class or package
(babel)             option. I'll load 'nil'. Reported on input line 4188.
(/usr/local/texlive/2025/texmf-dist/tex/generic/babel/nil.ldf
Language: nil 2025/02/14 v25.4 Nil language
\l@nil=\language91
))
(/usr/local/texlive/2025/texmf-dist/tex/latex/cjk-ko/kotex.sty
Package: kotex 2015/04/19 v1.6 Korean TeX (ko.TeX)

(/usr/local/texlive/2025/texmf-dist/tex/latex/kotex-utf/kotex.cfg)
(/usr/local/texlive/2025/texmf-dist/tex/latex/kotex-utf/kotexutf.sty
Package: kotexutf 2022/06/22 v3.0.0 typesetting UTF-8 Korean documents

(/usr/local/texlive/2025/texmf-dist/tex/plain/kotex-plain/kotexutf-core.tex
\unih@ngulpoint=\count272
\dhucs@emph@raise=\dimen143
)
Now handling font encoding LUC ...
... processing UTF-8 mapping file for font encoding LUC

(/usr/local/texlive/2025/texmf-dist/tex/latex/kotex-utf/lucenc.dfu
File: lucenc.dfu 2007/09/05 UTF-8 support for dhucs
   defining Unicode char U+00B7 (decimal 183)
   defining Unicode char U+2018 (decimal 8216)
   defining Unicode char U+2019 (decimal 8217)
   defining Unicode char U+201C (decimal 8220)
   defining Unicode char U+201D (decimal 8221)
   defining Unicode char U+3001 (decimal 12289)
   defining Unicode char U+3002 (decimal 12290)
   defining Unicode char U+3008 (decimal 12296)
   defining Unicode char U+3009 (decimal 12297)
   defining Unicode char U+300A (decimal 12298)
   defining Unicode char U+300B (decimal 12299)
   defining Unicode char U+300C (decimal 12300)
   defining Unicode char U+300D (decimal 12301)
   defining Unicode char U+300E (decimal 12302)
   defining Unicode char U+300F (decimal 12303)
   defining Unicode char U+3010 (decimal 12304)
   defining Unicode char U+3011 (decimal 12305)
   defining Unicode char U+3014 (decimal 12308)
   defining Unicode char U+3015 (decimal 12309)
   defining Unicode char U+3016 (decimal 12310)
   defining Unicode char U+3017 (decimal 12311)
   defining Unicode char U+3018 (decimal 12312)
   defining Unicode char U+3019 (decimal 12313)
   defining Unicode char U+301A (decimal 12314)
   defining Unicode char U+301B (decimal 12315)
   defining Unicode char U+FF01 (decimal 65281)
   defining Unicode char U+FF08 (decimal 65288)
   defining Unicode char U+FF09 (decimal 65289)
   defining Unicode char U+FF0C (decimal 65292)
   defining Unicode char U+FF0E (decimal 65294)
   defining Unicode char U+FF1A (decimal 65306)
   defining Unicode char U+FF1B (decimal 65307)
   defining Unicode char U+FF1C (decimal 65308)
   defining Unicode char U+FF1D (decimal 65309)
   defining Unicode char U+FF1E (decimal 65310)
   defining Unicode char U+FF1F (decimal 65311)
   defining Unicode char U+FF3B (decimal 65339)
   defining Unicode char U+FF3D (decimal 65341)
   defining Unicode char U+FF5B (decimal 65371)
   defining Unicode char U+FF5D (decimal 65373)
   defining Unicode char U+FF61 (decimal 65377)
   defining Unicode char U+FF62 (decimal 65378)
   defining Unicode char U+FF63 (decimal 65379)
   defining Unicode char U+FF64 (decimal 65380)
   defining Unicode char U+FF65 (decimal 65381)
)
\@josa=\count273
\josatoks=\toks19

(/usr/local/texlive/2025/texmf-dist/tex/latex/cjk-ko/kolabels-utf.sty
Package: kolabels-utf 2015/03/20 v1.5 UTF-8 Hangul item labels
)))
(/usr/local/texlive/2025/texmf-dist/tex/latex/geometry/geometry.sty
Package: geometry 2020/01/02 v5.9 Page Geometry

(/usr/local/texlive/2025/texmf-dist/tex/latex/graphics/keyval.sty
Package: keyval 2022/05/29 v1.15 key=value parser (DPC)
\KV@toks@=\toks20
)
(/usr/local/texlive/2025/texmf-dist/tex/generic/iftex/ifvtex.sty
Package: ifvtex 2019/10/25 v1.7 ifvtex legacy package. Use iftex instead.

(/usr/local/texlive/2025/texmf-dist/tex/generic/iftex/iftex.sty
Package: iftex 2024/12/12 v1.0g TeX engine tests
))
\Gm@cnth=\count274
\Gm@cntv=\count275
\c@Gm@tempcnt=\count276
\Gm@bindingoffset=\dimen144
\Gm@wd@mp=\dimen145
\Gm@odd@mp=\dimen146
\Gm@even@mp=\dimen147
\Gm@layoutwidth=\dimen148
\Gm@layoutheight=\dimen149
\Gm@layouthoffset=\dimen150
\Gm@layoutvoffset=\dimen151
\Gm@dimlist=\toks21
)
(/usr/local/texlive/2025/texmf-dist/tex/latex/amsmath/amsmath.sty
Package: amsmath 2024/11/05 v2.17t AMS math features
\@mathmargin=\skip51

For additional information on amsmath, use the `?' option.
(/usr/local/texlive/2025/texmf-dist/tex/latex/amsmath/amstext.sty
Package: amstext 2021/08/26 v2.01 AMS text

(/usr/local/texlive/2025/texmf-dist/tex/latex/amsmath/amsgen.sty
File: amsgen.sty 1999/11/30 v2.0 generic functions
\@emptytoks=\toks22
\ex@=\dimen152
))
(/usr/local/texlive/2025/texmf-dist/tex/latex/amsmath/amsbsy.sty
Package: amsbsy 1999/11/29 v1.2d Bold Symbols
\pmbraise@=\dimen153
)
(/usr/local/texlive/2025/texmf-dist/tex/latex/amsmath/amsopn.sty
Package: amsopn 2022/04/08 v2.04 operator names
)
\inf@bad=\count277
LaTeX Info: Redefining \frac on input line 233.
\uproot@=\count278
\leftroot@=\count279
LaTeX Info: Redefining \overline on input line 398.
LaTeX Info: Redefining \colon on input line 409.
\classnum@=\count280
\DOTSCASE@=\count281
LaTeX Info: Redefining \ldots on input line 495.
LaTeX Info: Redefining \dots on input line 498.
LaTeX Info: Redefining \cdots on input line 619.
\Mathstrutbox@=\box52
\strutbox@=\box53
LaTeX Info: Redefining \big on input line 721.
LaTeX Info: Redefining \Big on input line 722.
LaTeX Info: Redefining \bigg on input line 723.
LaTeX Info: Redefining \Bigg on input line 724.
\big@size=\dimen154
LaTeX Font Info:    Redeclaring font encoding OML on input line 742.
LaTeX Font Info:    Redeclaring font encoding OMS on input line 743.
\macc@depth=\count282
LaTeX Info: Redefining \bmod on input line 904.
LaTeX Info: Redefining \pmod on input line 909.
LaTeX Info: Redefining \smash on input line 939.
LaTeX Info: Redefining \relbar on input line 969.
LaTeX Info: Redefining \Relbar on input line 970.
\c@MaxMatrixCols=\count283
\dotsspace@=\muskip17
\c@parentequation=\count284
\dspbrk@lvl=\count285
\tag@help=\toks23
\row@=\count286
\column@=\count287
\maxfields@=\count288
\andhelp@=\toks24
\eqnshift@=\dimen155
\alignsep@=\dimen156
\tagshift@=\dimen157
\tagwidth@=\dimen158
\totwidth@=\dimen159
\lineht@=\dimen160
\@envbody=\toks25
\multlinegap=\skip52
\multlinetaggap=\skip53
\mathdisplay@stack=\toks26
LaTeX Info: Redefining \[ on input line 2953.
LaTeX Info: Redefining \] on input line 2954.
)
(/usr/local/texlive/2025/texmf-dist/tex/latex/amsfonts/amsfonts.sty
Package: amsfonts 2013/01/14 v3.01 Basic AMSFonts support
\symAMSa=\mathgroup4
\symAMSb=\mathgroup5
LaTeX Font Info:    Redeclaring math symbol \hbar on input line 98.
LaTeX Font Info:    Overwriting math alphabet `\mathfrak' in version `bold'
(Font)                  U/euf/m/n --> U/euf/b/n on input line 106.
)
(/usr/local/texlive/2025/texmf-dist/tex/latex/amsfonts/amssymb.sty
Package: amssymb 2013/01/14 v3.01 AMS font symbols
)
(/usr/local/texlive/2025/texmf-dist/tex/latex/graphics/graphicx.sty
Package: graphicx 2021/09/16 v1.2d Enhanced LaTeX Graphics (DPC,SPQR)

(/usr/local/texlive/2025/texmf-dist/tex/latex/graphics/graphics.sty
Package: graphics 2024/08/06 v1.4g Standard LaTeX Graphics (DPC,SPQR)

(/usr/local/texlive/2025/texmf-dist/tex/latex/graphics/trig.sty
Package: trig 2023/12/02 v1.11 sin cos tan (DPC)
)
(/usr/local/texlive/2025/texmf-dist/tex/latex/graphics-cfg/graphics.cfg
File: graphics.cfg 2016/06/04 v1.11 sample graphics configuration
)
Package graphics Info: Driver file: pdftex.def on input line 106.

(/usr/local/texlive/2025/texmf-dist/tex/latex/graphics-def/pdftex.def
File: pdftex.def 2024/04/13 v1.2c Graphics/color driver for pdftex
))
\Gin@req@height=\dimen161
\Gin@req@width=\dimen162
)
(/usr/local/texlive/2025/texmf-dist/tex/latex/fancyhdr/fancyhdr.sty
Package: fancyhdr 2025/02/07 v5.2 Extensive control of page headers and footers

\f@nch@headwidth=\skip54
\f@nch@offset@elh=\skip55
\f@nch@offset@erh=\skip56
\f@nch@offset@olh=\skip57
\f@nch@offset@orh=\skip58
\f@nch@offset@elf=\skip59
\f@nch@offset@erf=\skip60
\f@nch@offset@olf=\skip61
\f@nch@offset@orf=\skip62
\f@nch@height=\skip63
\f@nch@footalignment=\skip64
\f@nch@widthL=\skip65
\f@nch@widthC=\skip66
\f@nch@widthR=\skip67
\@temptokenb=\toks27
)
(/usr/local/texlive/2025/texmf-dist/tex/latex/setspace/setspace.sty
Package: setspace 2022/12/04 v6.7b set line spacing
)
(/usr/local/texlive/2025/texmf-dist/tex/latex/titlesec/titlesec.sty
Package: titlesec 2025/01/04 v2.17 Sectioning titles
\ttl@box=\box54
\beforetitleunit=\skip68
\aftertitleunit=\skip69
\ttl@plus=\dimen163
\ttl@minus=\dimen164
\ttl@toksa=\toks28
\titlewidth=\dimen165
\titlewidthlast=\dimen166
\titlewidthfirst=\dimen167
)
(/usr/local/texlive/2025/texmf-dist/tex/latex/cite/cite.sty
LaTeX Info: Redefining \cite on input line 302.
LaTeX Info: Redefining \nocite on input line 332.
Package: cite 2015/02/27  v 5.5
)
(/usr/local/texlive/2025/texmf-dist/tex/latex/url/url.sty
\Urlmuskip=\muskip18
Package: url 2013/09/16  ver 3.4  Verb mode for urls, etc.
)
(/usr/local/texlive/2025/texmf-dist/tex/latex/hyperref/hyperref.sty
Package: hyperref 2024-11-05 v7.01l Hypertext links for LaTeX

(/usr/local/texlive/2025/texmf-dist/tex/latex/kvsetkeys/kvsetkeys.sty
Package: kvsetkeys 2022-10-05 v1.19 Key value parser (HO)
)
(/usr/local/texlive/2025/texmf-dist/tex/generic/kvdefinekeys/kvdefinekeys.sty
Package: kvdefinekeys 2019-12-19 v1.6 Define keys (HO)
)
(/usr/local/texlive/2025/texmf-dist/tex/generic/pdfescape/pdfescape.sty
Package: pdfescape 2019/12/09 v1.15 Implements pdfTeX's escape features (HO)

(/usr/local/texlive/2025/texmf-dist/tex/generic/ltxcmds/ltxcmds.sty
Package: ltxcmds 2023-12-04 v1.26 LaTeX kernel commands for general use (HO)
)
(/usr/local/texlive/2025/texmf-dist/tex/generic/pdftexcmds/pdftexcmds.sty
Package: pdftexcmds 2020-06-27 v0.33 Utility functions of pdfTeX for LuaTeX (HO
)

(/usr/local/texlive/2025/texmf-dist/tex/generic/infwarerr/infwarerr.sty
Package: infwarerr 2019/12/03 v1.5 Providing info/warning/error messages (HO)
)
Package pdftexcmds Info: \pdf@primitive is available.
Package pdftexcmds Info: \pdf@ifprimitive is available.
Package pdftexcmds Info: \pdfdraftmode found.
))
(/usr/local/texlive/2025/texmf-dist/tex/latex/hycolor/hycolor.sty
Package: hycolor 2020-01-27 v1.10 Color options for hyperref/bookmark (HO)
)
(/usr/local/texlive/2025/texmf-dist/tex/latex/hyperref/nameref.sty
Package: nameref 2023-11-26 v2.56 Cross-referencing by name of section

(/usr/local/texlive/2025/texmf-dist/tex/latex/refcount/refcount.sty
Package: refcount 2019/12/15 v3.6 Data extraction from label references (HO)
)
(/usr/local/texlive/2025/texmf-dist/tex/generic/gettitlestring/gettitlestring.s
ty
Package: gettitlestring 2019/12/15 v1.6 Cleanup title references (HO)
 (/usr/local/texlive/2025/texmf-dist/tex/latex/kvoptions/kvoptions.sty
Package: kvoptions 2022-06-15 v3.15 Key value format for package options (HO)
))
\c@section@level=\count289
)
(/usr/local/texlive/2025/texmf-dist/tex/latex/etoolbox/etoolbox.sty
Package: etoolbox 2025/02/11 v2.5l e-TeX tools for LaTeX (JAW)
\etb@tempcnta=\count290
)
(/usr/local/texlive/2025/texmf-dist/tex/generic/stringenc/stringenc.sty
Package: stringenc 2019/11/29 v1.12 Convert strings between diff. encodings (HO
)
)
\@linkdim=\dimen168
\Hy@linkcounter=\count291
\Hy@pagecounter=\count292

(/usr/local/texlive/2025/texmf-dist/tex/latex/hyperref/pd1enc.def
File: pd1enc.def 2024-11-05 v7.01l Hyperref: PDFDocEncoding definition (HO)
Now handling font encoding PD1 ...
... no UTF-8 mapping file for font encoding PD1
)
(/usr/local/texlive/2025/texmf-dist/tex/generic/intcalc/intcalc.sty
Package: intcalc 2019/12/15 v1.3 Expandable calculations with integers (HO)
)
\Hy@SavedSpaceFactor=\count293

(/usr/local/texlive/2025/texmf-dist/tex/latex/hyperref/puenc.def
File: puenc.def 2024-11-05 v7.01l Hyperref: PDF Unicode definition (HO)
Now handling font encoding PU ...
... no UTF-8 mapping file for font encoding PU
)
Package hyperref Info: Hyper figures OFF on input line 4157.
Package hyperref Info: Link nesting OFF on input line 4162.
Package hyperref Info: Hyper index ON on input line 4165.
Package hyperref Info: Plain pages OFF on input line 4172.
Package hyperref Info: Backreferencing OFF on input line 4177.
Package hyperref Info: Implicit mode ON; LaTeX internals redefined.
Package hyperref Info: Bookmarks ON on input line 4424.
\c@Hy@tempcnt=\count294
LaTeX Info: Redefining \url on input line 4763.
\XeTeXLinkMargin=\dimen169

(/usr/local/texlive/2025/texmf-dist/tex/generic/bitset/bitset.sty
Package: bitset 2019/12/09 v1.3 Handle bit-vector datatype (HO)

(/usr/local/texlive/2025/texmf-dist/tex/generic/bigintcalc/bigintcalc.sty
Package: bigintcalc 2019/12/15 v1.5 Expandable calculations on big integers (HO
)
))
\Fld@menulength=\count295
\Field@Width=\dimen170
\Fld@charsize=\dimen171
Package hyperref Info: Hyper figures OFF on input line 6042.
Package hyperref Info: Link nesting OFF on input line 6047.
Package hyperref Info: Hyper index ON on input line 6050.
Package hyperref Info: backreferencing OFF on input line 6057.
Package hyperref Info: Link coloring OFF on input line 6062.
Package hyperref Info: Link coloring with OCG OFF on input line 6067.
Package hyperref Info: PDF/A mode OFF on input line 6072.

(/usr/local/texlive/2025/texmf-dist/tex/latex/base/atbegshi-ltx.sty
Package: atbegshi-ltx 2021/01/10 v1.0c Emulation of the original atbegshi
package with kernel methods
)
\Hy@abspage=\count296
\c@Item=\count297
\c@Hfootnote=\count298
)
Package hyperref Info: Driver (autodetected): hpdftex.

(/usr/local/texlive/2025/texmf-dist/tex/latex/hyperref/hpdftex.def
File: hpdftex.def 2024-11-05 v7.01l Hyperref driver for pdfTeX

(/usr/local/texlive/2025/texmf-dist/tex/latex/base/atveryend-ltx.sty
Package: atveryend-ltx 2020/08/19 v1.0a Emulation of the original atveryend pac
kage
with kernel methods
)
\Fld@listcount=\count299
\c@bookmark@seq@number=\count300

(/usr/local/texlive/2025/texmf-dist/tex/latex/rerunfilecheck/rerunfilecheck.sty
Package: rerunfilecheck 2022-07-10 v1.10 Rerun checks for auxiliary files (HO)

(/usr/local/texlive/2025/texmf-dist/tex/generic/uniquecounter/uniquecounter.sty
Package: uniquecounter 2019/12/15 v1.4 Provide unlimited unique counter (HO)
)
Package uniquecounter Info: New unique counter `rerunfilecheck' on input line 2
85.
)
\Hy@SectionHShift=\skip70
) (/usr/local/texlive/2025/texmf-dist/tex/latex/xcolor/xcolor.sty
Package: xcolor 2024/09/29 v3.02 LaTeX color extensions (UK)

(/usr/local/texlive/2025/texmf-dist/tex/latex/graphics-cfg/color.cfg
File: color.cfg 2016/01/02 v1.6 sample color configuration
)
Package xcolor Info: Driver file: pdftex.def on input line 274.

(/usr/local/texlive/2025/texmf-dist/tex/latex/graphics/mathcolor.ltx)
Package xcolor Info: Model `cmy' substituted by `cmy0' on input line 1349.
Package xcolor Info: Model `hsb' substituted by `rgb' on input line 1353.
Package xcolor Info: Model `RGB' extended on input line 1365.
Package xcolor Info: Model `HTML' substituted by `rgb' on input line 1367.
Package xcolor Info: Model `Hsb' substituted by `hsb' on input line 1368.
Package xcolor Info: Model `tHsb' substituted by `hsb' on input line 1369.
Package xcolor Info: Model `HSB' substituted by `hsb' on input line 1370.
Package xcolor Info: Model `Gray' substituted by `gray' on input line 1371.
Package xcolor Info: Model `wave' substituted by `hsb' on input line 1372.
)
(/usr/local/texlive/2025/texmf-dist/tex/latex/listings/listings.sty
\lst@mode=\count301
\lst@gtempboxa=\box55
\lst@token=\toks29
\lst@length=\count302
\lst@currlwidth=\dimen172
\lst@column=\count303
\lst@pos=\count304
\lst@lostspace=\dimen173
\lst@width=\dimen174
\lst@newlines=\count305
\lst@lineno=\count306
\lst@maxwidth=\dimen175

(/usr/local/texlive/2025/texmf-dist/tex/latex/listings/lstpatch.sty
File: lstpatch.sty 2024/09/23 1.10c (Carsten Heinz)
)
(/usr/local/texlive/2025/texmf-dist/tex/latex/listings/lstmisc.sty
File: lstmisc.sty 2024/09/23 1.10c (Carsten Heinz)
\c@lstnumber=\count307
\lst@skipnumbers=\count308
\lst@framebox=\box56
)
(/usr/local/texlive/2025/texmf-dist/tex/latex/listings/listings.cfg
File: listings.cfg 2024/09/23 1.10c listings configuration
))
Package: listings 2024/09/23 1.10c (Carsten Heinz)

(/usr/local/texlive/2025/texmf-dist/tex/latex/enumitem/enumitem.sty
Package: enumitem 2025/02/06 v3.11 Customized lists
\labelindent=\skip71
\enit@outerparindent=\dimen176
\enit@toks=\toks30
\enit@inbox=\box57
\enit@count@id=\count309
\enitdp@description=\count310
)
Package hyperref Info: Option `colorlinks' set `true' on input line 51.

(/usr/local/texlive/2025/texmf-dist/tex/latex/l3backend/l3backend-pdftex.def
File: l3backend-pdftex.def 2024-05-08 L3 backend support: PDF output (pdfTeX)
\l__color_backend_stack_int=\count311
\l__pdf_internal_box=\box58
)
No file portfolio-paper.aux.
\openout1 = `portfolio-paper.aux'.

LaTeX Font Info:    Checking defaults for OML/cmm/m/it on input line 53.
LaTeX Font Info:    ... okay on input line 53.
LaTeX Font Info:    Checking defaults for OMS/cmsy/m/n on input line 53.
LaTeX Font Info:    ... okay on input line 53.
LaTeX Font Info:    Checking defaults for OT1/cmr/m/n on input line 53.
LaTeX Font Info:    ... okay on input line 53.
LaTeX Font Info:    Checking defaults for T1/cmr/m/n on input line 53.
LaTeX Font Info:    ... okay on input line 53.
LaTeX Font Info:    Checking defaults for TS1/cmr/m/n on input line 53.
LaTeX Font Info:    ... okay on input line 53.
LaTeX Font Info:    Checking defaults for OMX/cmex/m/n on input line 53.
LaTeX Font Info:    ... okay on input line 53.
LaTeX Font Info:    Checking defaults for U/cmr/m/n on input line 53.
LaTeX Font Info:    ... okay on input line 53.
LaTeX Font Info:    Checking defaults for LUC/nanummj/m/n on input line 53.
LaTeX Font Info:    Trying to load font information for LUC+nanummj on input li
ne 53.
(/usr/local/texlive/2025/texmf-dist/tex/latex/nanumtype1/lucnanummj.fd
File: lucnanummj.fd 2013/02/12 v0.1 Nanum Myeongjo font definitions
)
LaTeX Font Info:    ... okay on input line 53.
LaTeX Font Info:    Checking defaults for PD1/pdf/m/n on input line 53.
LaTeX Font Info:    ... okay on input line 53.
LaTeX Font Info:    Checking defaults for PU/pdf/m/n on input line 53.
LaTeX Font Info:    ... okay on input line 53.

*geometry* driver: auto-detecting
*geometry* detected driver: pdftex
*geometry* verbose mode - [ preamble ] result:
* driver: pdftex
* paper: a4paper
* layout: <same size as paper>
* layoutoffset:(h,v)=(0.0pt,0.0pt)
* modes: 
* h-part:(L,W,R)=(71.13188pt, 455.24411pt, 71.13188pt)
* v-part:(T,H,B)=(71.13188pt, 702.78308pt, 71.13188pt)
* \paperwidth=597.50787pt
* \paperheight=845.04684pt
* \textwidth=455.24411pt
* \textheight=702.78308pt
* \oddsidemargin=-1.1381pt
* \evensidemargin=-1.1381pt
* \topmargin=-38.1381pt
* \headheight=12.0pt
* \headsep=25.0pt
* \topskip=12.0pt
* \footskip=30.0pt
* \marginparwidth=35.0pt
* \marginparsep=10.0pt
* \columnsep=10.0pt
* \skip\footins=10.8pt plus 4.0pt minus 2.0pt
* \hoffset=0.0pt
* \voffset=0.0pt
* \mag=1000
* \@twocolumnfalse
* \@twosidefalse
* \@mparswitchfalse
* \@reversemarginfalse
* (1in=72.27pt=25.4mm, 1cm=28.453pt)

(/usr/local/texlive/2025/texmf-dist/tex/context/base/mkii/supp-pdf.mkii
[Loading MPS to PDF converter (version 2006.09.02).]
\scratchcounter=\count312
\scratchdimen=\dimen177
\scratchbox=\box59
\nofMPsegments=\count313
\nofMParguments=\count314
\everyMPshowfont=\toks31
\MPscratchCnt=\count315
\MPscratchDim=\dimen178
\MPnumerator=\count316
\makeMPintoPDFobject=\count317
\everyMPtoPDFconversion=\toks32
) (/usr/local/texlive/2025/texmf-dist/tex/latex/epstopdf-pkg/epstopdf-base.sty
Package: epstopdf-base 2020-01-24 v2.11 Base part for package epstopdf
Package epstopdf-base Info: Redefining graphics rule for `.eps' on input line 4
85.

(/usr/local/texlive/2025/texmf-dist/tex/latex/latexconfig/epstopdf-sys.cfg
File: epstopdf-sys.cfg 2010/07/13 v1.3 Configuration of (r)epstopdf for TeX Liv
e
))
Package hyperref Info: Link coloring ON on input line 53.
\@outlinefile=\write3
\openout3 = `portfolio-paper.out'.

\c@lstlisting=\count318


[1

{/usr/local/texlive/2025/texmf-var/fonts/map/pdftex/updmap/pdftex.map}]
No file portfolio-paper.toc.
\tf@toc=\write4
\openout4 = `portfolio-paper.toc'.




Package fancyhdr Warning: \headheight is too small (12.0pt): 
(fancyhdr)                Make it at least 14.49998pt, for example:
(fancyhdr)                \setlength{\headheight}{14.49998pt}.
(fancyhdr)                You might also make \topmargin smaller:
(fancyhdr)                \addtolength{\topmargin}{-2.49998pt}.


pdfTeX warning (ext4): destination with the same identifier (name{page.1}) has 
been already used, duplicate ignored
<to be read again> 
                   \relax 
l.81     \newpage
                  [1]


Package fancyhdr Warning: \headheight is too small (12.0pt): 
(fancyhdr)                Make it at least 14.49998pt, for example:
(fancyhdr)                \setlength{\headheight}{14.49998pt}.
(fancyhdr)                You might also make \topmargin smaller:
(fancyhdr)                \addtolength{\topmargin}{-2.49998pt}.

[2{/usr/local/texlive/2025/texmf-dist/fonts/enc/dvips/cm-super/cm-super-ts1.enc
}]
Package hyperref Info: bookmark level for unknown lstlisting defaults to 0 on i
nput line 136.

./portfolio-paper.tex:138: Improper alphabetic constant.
<to be read again> 
                   \lst@FillFixed@ 
l.138 ├── 
                module-api/          # REST API 엔드포인트
A one-character control sequence belongs after a ` mark.
So I'm essentially inserting \0 here.

./portfolio-paper.tex:138: Missing ) inserted for expression.
<to be read again> 
                   \lst@hss 
l.138 ├── 
                module-api/          # REST API 엔드포인트
I was expecting to see `+', `-', `*', `/', or `)'. Didn't.


./portfolio-paper.tex:138: LaTeX Error: Invalid UTF-8 byte "94.

See the LaTeX manual or LaTeX Companion for explanation.
Type  H <return>  for immediate help.
 ...                                              
                                                  
l.138 ├── 
                module-api/          # REST API 엔드포인트
The document does not appear to be in UTF-8 encoding.
Try adding \UseRawInputEncoding as the first line of the file
or specify an encoding such as \usepackage [latin1]{inputenc}
in the document preamble.
Alternatively, save the file in UTF-8 using your editor or another tool

./portfolio-paper.tex:138: Extra \fi.
\lst@FillFixed@ ...1\else \lst@hss #1\expandafter 
                                                  \lst@FillFixed@ \fi 
l.138 ├── 
                module-api/          # REST API 엔드포인트
I'm ignoring this; it doesn't match any \if.

./portfolio-paper.tex:138: Extra \fi.
\lst@FillFixed@ ...1\else \lst@hss #1\expandafter 
                                                  \lst@FillFixed@ \fi 
l.138 ├── 
                module-api/          # REST API 엔드포인트
I'm ignoring this; it doesn't match any \if.

./portfolio-paper.tex:138: Extra \fi.
\lst@FillFixed@ ...1\else \lst@hss #1\expandafter 
                                                  \lst@FillFixed@ \fi 
l.138 ├── 
                module-api/          # REST API 엔드포인트
I'm ignoring this; it doesn't match any \if.

./portfolio-paper.tex:138: Extra \fi.
\lst@FillFixed@ ...1\else \lst@hss #1\expandafter 
                                                  \lst@FillFixed@ \fi 
l.138 ├── 
                module-api/          # REST API 엔드포인트
I'm ignoring this; it doesn't match any \if.

./portfolio-paper.tex:138: Extra \fi.
\lst@FillFixed@ ...1\else \lst@hss #1\expandafter 
                                                  \lst@FillFixed@ \fi 
l.138 ├── 
                module-api/          # REST API 엔드포인트
I'm ignoring this; it doesn't match any \if.

./portfolio-paper.tex:138: Extra \fi.
\lst@FillFixed@ ...1\else \lst@hss #1\expandafter 
                                                  \lst@FillFixed@ \fi 
l.138 ├── 
                module-api/          # REST API 엔드포인트
I'm ignoring this; it doesn't match any \if.

./portfolio-paper.tex:138: Extra \fi.
\lst@FillFixed@ ...1\else \lst@hss #1\expandafter 
                                                  \lst@FillFixed@ \fi 
l.138 ├── 
                module-api/          # REST API 엔드포인트
I'm ignoring this; it doesn't match any \if.

./portfolio-paper.tex:138: Extra \fi.
\lst@FillFixed@ ...1\else \lst@hss #1\expandafter 
                                                  \lst@FillFixed@ \fi 
l.138 ├── 
                module-api/          # REST API 엔드포인트
I'm ignoring this; it doesn't match any \if.

./portfolio-paper.tex:138: Extra \fi.
\lst@FillFixed@ ...1\else \lst@hss #1\expandafter 
                                                  \lst@FillFixed@ \fi 
l.138 ├── 
                module-api/          # REST API 엔드포인트
I'm ignoring this; it doesn't match any \if.

./portfolio-paper.tex:138: Extra \fi.
\lst@FillFixed@ ...1\else \lst@hss #1\expandafter 
                                                  \lst@FillFixed@ \fi 
l.138 ├── 
                module-api/          # REST API 엔드포인트
I'm ignoring this; it doesn't match any \if.

./portfolio-paper.tex:138: Extra \fi.
\lst@FillFixed@ ...1\else \lst@hss #1\expandafter 
                                                  \lst@FillFixed@ \fi 
l.138 ├── 
                module-api/          # REST API 엔드포인트
I'm ignoring this; it doesn't match any \if.

./portfolio-paper.tex:138: Extra \fi.
\lst@FillFixed@ ...1\else \lst@hss #1\expandafter 
                                                  \lst@FillFixed@ \fi 
l.138 ├── 
                module-api/          # REST API 엔드포인트
I'm ignoring this; it doesn't match any \if.

./portfolio-paper.tex:138: Extra \fi.
\lst@FillFixed@ ...1\else \lst@hss #1\expandafter 
                                                  \lst@FillFixed@ \fi 
l.138 ├── 
                module-api/          # REST API 엔드포인트
I'm ignoring this; it doesn't match any \if.

./portfolio-paper.tex:138: Extra \fi.
\lst@FillFixed@ ...1\else \lst@hss #1\expandafter 
                                                  \lst@FillFixed@ \fi 
l.138 ├── 
                module-api/          # REST API 엔드포인트
I'm ignoring this; it doesn't match any \if.

./portfolio-paper.tex:138: Extra \fi.
\lst@FillFixed@ ...1\else \lst@hss #1\expandafter 
                                                  \lst@FillFixed@ \fi 
l.138 ├── 
                module-api/          # REST API 엔드포인트
I'm ignoring this; it doesn't match any \if.

./portfolio-paper.tex:138: Extra \fi.
\lst@FillFixed@ ...1\else \lst@hss #1\expandafter 
                                                  \lst@FillFixed@ \fi 
l.138 ├── 
                module-api/          # REST API 엔드포인트
I'm ignoring this; it doesn't match any \if.

./portfolio-paper.tex:138: Extra \fi.
\lst@FillFixed@ ...1\else \lst@hss #1\expandafter 
                                                  \lst@FillFixed@ \fi 
l.138 ├── 
                module-api/          # REST API 엔드포인트
I'm ignoring this; it doesn't match any \if.

./portfolio-paper.tex:138: Extra \fi.
\lst@FillFixed@ ...1\else \lst@hss #1\expandafter 
                                                  \lst@FillFixed@ \fi 
l.138 ├── 
                module-api/          # REST API 엔드포인트
I'm ignoring this; it doesn't match any \if.

./portfolio-paper.tex:138: Extra \fi.
\lst@FillFixed@ ...1\else \lst@hss #1\expandafter 
                                                  \lst@FillFixed@ \fi 
l.138 ├── 
                module-api/          # REST API 엔드포인트
I'm ignoring this; it doesn't match any \if.

./portfolio-paper.tex:138: Extra \fi.
\lst@FillFixed@ ...1\else \lst@hss #1\expandafter 
                                                  \lst@FillFixed@ \fi 
l.138 ├── 
                module-api/          # REST API 엔드포인트
I'm ignoring this; it doesn't match any \if.

./portfolio-paper.tex:138: Extra \fi.
\lst@FillFixed@ ...1\else \lst@hss #1\expandafter 
                                                  \lst@FillFixed@ \fi 
l.138 ├── 
                module-api/          # REST API 엔드포인트
I'm ignoring this; it doesn't match any \if.

./portfolio-paper.tex:138: Extra \fi.
\lst@FillFixed@ ...1\else \lst@hss #1\expandafter 
                                                  \lst@FillFixed@ \fi 
l.138 ├── 
                module-api/          # REST API 엔드포인트
I'm ignoring this; it doesn't match any \if.

./portfolio-paper.tex:138: Extra \fi.
\lst@FillFixed@ ...1\else \lst@hss #1\expandafter 
                                                  \lst@FillFixed@ \fi 
l.138 ├── 
                module-api/          # REST API 엔드포인트
I'm ignoring this; it doesn't match any \if.

./portfolio-paper.tex:138: Extra \fi.
\lst@FillFixed@ ...1\else \lst@hss #1\expandafter 
                                                  \lst@FillFixed@ \fi 
l.138 ├── 
                module-api/          # REST API 엔드포인트
I'm ignoring this; it doesn't match any \if.

./portfolio-paper.tex:138: Extra \fi.
\lst@FillFixed@ ...1\else \lst@hss #1\expandafter 
                                                  \lst@FillFixed@ \fi 
l.138 ├── 
                module-api/          # REST API 엔드포인트
I'm ignoring this; it doesn't match any \if.

./portfolio-paper.tex:138: Extra \fi.
\lst@FillFixed@ ...1\else \lst@hss #1\expandafter 
                                                  \lst@FillFixed@ \fi 
l.138 ├── 
                module-api/          # REST API 엔드포인트
I'm ignoring this; it doesn't match any \if.

./portfolio-paper.tex:138: Extra \fi.
\lst@FillFixed@ ...1\else \lst@hss #1\expandafter 
                                                  \lst@FillFixed@ \fi 
l.138 ├── 
                module-api/          # REST API 엔드포인트
I'm ignoring this; it doesn't match any \if.

./portfolio-paper.tex:138: Extra \fi.
\lst@FillFixed@ ...1\else \lst@hss #1\expandafter 
                                                  \lst@FillFixed@ \fi 
l.138 ├── 
                module-api/          # REST API 엔드포인트
I'm ignoring this; it doesn't match any \if.

./portfolio-paper.tex:138: Extra \fi.
\lst@FillFixed@ ...1\else \lst@hss #1\expandafter 
                                                  \lst@FillFixed@ \fi 
l.138 ├── 
                module-api/          # REST API 엔드포인트
I'm ignoring this; it doesn't match any \if.

./portfolio-paper.tex:138: Extra \fi.
\lst@FillFixed@ ...1\else \lst@hss #1\expandafter 
                                                  \lst@FillFixed@ \fi 
l.138 ├── 
                module-api/          # REST API 엔드포인트
I'm ignoring this; it doesn't match any \if.

./portfolio-paper.tex:138: Extra \fi.
\lst@FillFixed@ ...1\else \lst@hss #1\expandafter 
                                                  \lst@FillFixed@ \fi 
l.138 ├── 
                module-api/          # REST API 엔드포인트
I'm ignoring this; it doesn't match any \if.

./portfolio-paper.tex:138: Extra \fi.
\lst@FillFixed@ ...1\else \lst@hss #1\expandafter 
                                                  \lst@FillFixed@ \fi 
l.138 ├── 
                module-api/          # REST API 엔드포인트
I'm ignoring this; it doesn't match any \if.

./portfolio-paper.tex:138: Extra \fi.
\lst@FillFixed@ ...1\else \lst@hss #1\expandafter 
                                                  \lst@FillFixed@ \fi 
l.138 ├── 
                module-api/          # REST API 엔드포인트
I'm ignoring this; it doesn't match any \if.

./portfolio-paper.tex:138: Extra \fi.
\lst@FillFixed@ ...1\else \lst@hss #1\expandafter 
                                                  \lst@FillFixed@ \fi 
l.138 ├── 
                module-api/          # REST API 엔드포인트
I'm ignoring this; it doesn't match any \if.

./portfolio-paper.tex:138: Extra \fi.
\lst@FillFixed@ ...1\else \lst@hss #1\expandafter 
                                                  \lst@FillFixed@ \fi 
l.138 ├── 
                module-api/          # REST API 엔드포인트
I'm ignoring this; it doesn't match any \if.

./portfolio-paper.tex:138: Extra \fi.
\lst@FillFixed@ ...1\else \lst@hss #1\expandafter 
                                                  \lst@FillFixed@ \fi 
l.138 ├── 
                module-api/          # REST API 엔드포인트
I'm ignoring this; it doesn't match any \if.

./portfolio-paper.tex:138: Extra \fi.
\lst@FillFixed@ ...1\else \lst@hss #1\expandafter 
                                                  \lst@FillFixed@ \fi 
l.138 ├── 
                module-api/          # REST API 엔드포인트
I'm ignoring this; it doesn't match any \if.

./portfolio-paper.tex:138: Extra \fi.
\lst@FillFixed@ ...1\else \lst@hss #1\expandafter 
                                                  \lst@FillFixed@ \fi 
l.138 ├── 
                module-api/          # REST API 엔드포인트
I'm ignoring this; it doesn't match any \if.

./portfolio-paper.tex:138: Extra \fi.
\lst@FillFixed@ ...1\else \lst@hss #1\expandafter 
                                                  \lst@FillFixed@ \fi 
l.138 ├── 
                module-api/          # REST API 엔드포인트
I'm ignoring this; it doesn't match any \if.

./portfolio-paper.tex:138: Extra \fi.
\lst@FillFixed@ ...1\else \lst@hss #1\expandafter 
                                                  \lst@FillFixed@ \fi 
l.138 ├── 
                module-api/          # REST API 엔드포인트
I'm ignoring this; it doesn't match any \if.

./portfolio-paper.tex:138: Extra \fi.
\lst@FillFixed@ ...1\else \lst@hss #1\expandafter 
                                                  \lst@FillFixed@ \fi 
l.138 ├── 
                module-api/          # REST API 엔드포인트
I'm ignoring this; it doesn't match any \if.

./portfolio-paper.tex:138: Extra \fi.
\lst@FillFixed@ ...1\else \lst@hss #1\expandafter 
                                                  \lst@FillFixed@ \fi 
l.138 ├── 
                module-api/          # REST API 엔드포인트
I'm ignoring this; it doesn't match any \if.

./portfolio-paper.tex:138: Extra \fi.
\lst@FillFixed@ ...1\else \lst@hss #1\expandafter 
                                                  \lst@FillFixed@ \fi 
l.138 ├── 
                module-api/          # REST API 엔드포인트
I'm ignoring this; it doesn't match any \if.

./portfolio-paper.tex:138: Extra \fi.
\lst@FillFixed@ ...1\else \lst@hss #1\expandafter 
                                                  \lst@FillFixed@ \fi 
l.138 ├── 
                module-api/          # REST API 엔드포인트
I'm ignoring this; it doesn't match any \if.

./portfolio-paper.tex:138: Extra \fi.
\lst@FillFixed@ ...1\else \lst@hss #1\expandafter 
                                                  \lst@FillFixed@ \fi 
l.138 ├── 
                module-api/          # REST API 엔드포인트
I'm ignoring this; it doesn't match any \if.

./portfolio-paper.tex:138: Extra \fi.
\lst@FillFixed@ ...1\else \lst@hss #1\expandafter 
                                                  \lst@FillFixed@ \fi 
l.138 ├── 
                module-api/          # REST API 엔드포인트
I'm ignoring this; it doesn't match any \if.

./portfolio-paper.tex:138: Extra \fi.
\lst@FillFixed@ ...1\else \lst@hss #1\expandafter 
                                                  \lst@FillFixed@ \fi 
l.138 ├── 
                module-api/          # REST API 엔드포인트
I'm ignoring this; it doesn't match any \if.

./portfolio-paper.tex:138: Extra \fi.
\lst@FillFixed@ ...1\else \lst@hss #1\expandafter 
                                                  \lst@FillFixed@ \fi 
l.138 ├── 
                module-api/          # REST API 엔드포인트
I'm ignoring this; it doesn't match any \if.

./portfolio-paper.tex:138: Extra \fi.
\lst@FillFixed@ ...1\else \lst@hss #1\expandafter 
                                                  \lst@FillFixed@ \fi 
l.138 ├── 
                module-api/          # REST API 엔드포인트
I'm ignoring this; it doesn't match any \if.

./portfolio-paper.tex:138: Extra \fi.
\lst@FillFixed@ ...1\else \lst@hss #1\expandafter 
                                                  \lst@FillFixed@ \fi 
l.138 ├── 
                module-api/          # REST API 엔드포인트
I'm ignoring this; it doesn't match any \if.

./portfolio-paper.tex:138: Extra \fi.
\lst@FillFixed@ ...1\else \lst@hss #1\expandafter 
                                                  \lst@FillFixed@ \fi 
l.138 ├── 
                module-api/          # REST API 엔드포인트
I'm ignoring this; it doesn't match any \if.

./portfolio-paper.tex:138: Extra \fi.
\lst@FillFixed@ ...1\else \lst@hss #1\expandafter 
                                                  \lst@FillFixed@ \fi 
l.138 ├── 
                module-api/          # REST API 엔드포인트
I'm ignoring this; it doesn't match any \if.

./portfolio-paper.tex:138: Extra \fi.
\lst@FillFixed@ ...1\else \lst@hss #1\expandafter 
                                                  \lst@FillFixed@ \fi 
l.138 ├── 
                module-api/          # REST API 엔드포인트
I'm ignoring this; it doesn't match any \if.

./portfolio-paper.tex:138: Extra \fi.
\lst@FillFixed@ ...1\else \lst@hss #1\expandafter 
                                                  \lst@FillFixed@ \fi 
l.138 ├── 
                module-api/          # REST API 엔드포인트
I'm ignoring this; it doesn't match any \if.

./portfolio-paper.tex:138: Extra \fi.
\lst@FillFixed@ ...1\else \lst@hss #1\expandafter 
                                                  \lst@FillFixed@ \fi 
l.138 ├── 
                module-api/          # REST API 엔드포인트
I'm ignoring this; it doesn't match any \if.

./portfolio-paper.tex:138: Extra \fi.
\lst@FillFixed@ ...1\else \lst@hss #1\expandafter 
                                                  \lst@FillFixed@ \fi 
l.138 ├── 
                module-api/          # REST API 엔드포인트
I'm ignoring this; it doesn't match any \if.

./portfolio-paper.tex:138: Extra \fi.
\lst@FillFixed@ ...1\else \lst@hss #1\expandafter 
                                                  \lst@FillFixed@ \fi 
l.138 ├── 
                module-api/          # REST API 엔드포인트
I'm ignoring this; it doesn't match any \if.

./portfolio-paper.tex:138: Extra \fi.
\lst@FillFixed@ ...1\else \lst@hss #1\expandafter 
                                                  \lst@FillFixed@ \fi 
l.138 ├── 
                module-api/          # REST API 엔드포인트
I'm ignoring this; it doesn't match any \if.

./portfolio-paper.tex:138: Extra \fi.
\lst@FillFixed@ ...1\else \lst@hss #1\expandafter 
                                                  \lst@FillFixed@ \fi 
l.138 ├── 
                module-api/          # REST API 엔드포인트
I'm ignoring this; it doesn't match any \if.

./portfolio-paper.tex:138: Extra \fi.
\lst@FillFixed@ ...1\else \lst@hss #1\expandafter 
                                                  \lst@FillFixed@ \fi 
l.138 ├── 
                module-api/          # REST API 엔드포인트
I'm ignoring this; it doesn't match any \if.

./portfolio-paper.tex:138: Extra \fi.
\lst@FillFixed@ ...1\else \lst@hss #1\expandafter 
                                                  \lst@FillFixed@ \fi 
l.138 ├── 
                module-api/          # REST API 엔드포인트
I'm ignoring this; it doesn't match any \if.

./portfolio-paper.tex:138: Extra \fi.
\lst@FillFixed@ ...1\else \lst@hss #1\expandafter 
                                                  \lst@FillFixed@ \fi 
l.138 ├── 
                module-api/          # REST API 엔드포인트
I'm ignoring this; it doesn't match any \if.

./portfolio-paper.tex:138: Extra \fi.
\lst@FillFixed@ ...1\else \lst@hss #1\expandafter 
                                                  \lst@FillFixed@ \fi 
l.138 ├── 
                module-api/          # REST API 엔드포인트
I'm ignoring this; it doesn't match any \if.

./portfolio-paper.tex:138: Extra \fi.
\lst@FillFixed@ ...1\else \lst@hss #1\expandafter 
                                                  \lst@FillFixed@ \fi 
l.138 ├── 
                module-api/          # REST API 엔드포인트
I'm ignoring this; it doesn't match any \if.

./portfolio-paper.tex:138: Extra \fi.
\lst@FillFixed@ ...1\else \lst@hss #1\expandafter 
                                                  \lst@FillFixed@ \fi 
l.138 ├── 
                module-api/          # REST API 엔드포인트
I'm ignoring this; it doesn't match any \if.

./portfolio-paper.tex:138: Extra \fi.
\lst@FillFixed@ ...1\else \lst@hss #1\expandafter 
                                                  \lst@FillFixed@ \fi 
l.138 ├── 
                module-api/          # REST API 엔드포인트
I'm ignoring this; it doesn't match any \if.

./portfolio-paper.tex:138: Extra \fi.
\lst@FillFixed@ ...1\else \lst@hss #1\expandafter 
                                                  \lst@FillFixed@ \fi 
l.138 ├── 
                module-api/          # REST API 엔드포인트
I'm ignoring this; it doesn't match any \if.

./portfolio-paper.tex:138: Extra \fi.
\lst@FillFixed@ ...1\else \lst@hss #1\expandafter 
                                                  \lst@FillFixed@ \fi 
l.138 ├── 
                module-api/          # REST API 엔드포인트
I'm ignoring this; it doesn't match any \if.

./portfolio-paper.tex:138: Extra \fi.
\lst@FillFixed@ ...1\else \lst@hss #1\expandafter 
                                                  \lst@FillFixed@ \fi 
l.138 ├── 
                module-api/          # REST API 엔드포인트
I'm ignoring this; it doesn't match any \if.

./portfolio-paper.tex:138: Extra \fi.
\lst@FillFixed@ ...1\else \lst@hss #1\expandafter 
                                                  \lst@FillFixed@ \fi 
l.138 ├── 
                module-api/          # REST API 엔드포인트
I'm ignoring this; it doesn't match any \if.

./portfolio-paper.tex:138: Extra \fi.
\lst@FillFixed@ ...1\else \lst@hss #1\expandafter 
                                                  \lst@FillFixed@ \fi 
l.138 ├── 
                module-api/          # REST API 엔드포인트
I'm ignoring this; it doesn't match any \if.

./portfolio-paper.tex:138: Extra \fi.
\lst@FillFixed@ ...1\else \lst@hss #1\expandafter 
                                                  \lst@FillFixed@ \fi 
l.138 ├── 
                module-api/          # REST API 엔드포인트
I'm ignoring this; it doesn't match any \if.

./portfolio-paper.tex:138: Extra \fi.
\lst@FillFixed@ ...1\else \lst@hss #1\expandafter 
                                                  \lst@FillFixed@ \fi 
l.138 ├── 
                module-api/          # REST API 엔드포인트
I'm ignoring this; it doesn't match any \if.

./portfolio-paper.tex:138: Extra \fi.
\lst@FillFixed@ ...1\else \lst@hss #1\expandafter 
                                                  \lst@FillFixed@ \fi 
l.138 ├── 
                module-api/          # REST API 엔드포인트
I'm ignoring this; it doesn't match any \if.

./portfolio-paper.tex:138: Extra \fi.
\lst@FillFixed@ ...1\else \lst@hss #1\expandafter 
                                                  \lst@FillFixed@ \fi 
l.138 ├── 
                module-api/          # REST API 엔드포인트
I'm ignoring this; it doesn't match any \if.

./portfolio-paper.tex:138: Extra \fi.
\lst@FillFixed@ ...1\else \lst@hss #1\expandafter 
                                                  \lst@FillFixed@ \fi 
l.138 ├── 
                module-api/          # REST API 엔드포인트
I'm ignoring this; it doesn't match any \if.

./portfolio-paper.tex:138: Extra \fi.
\lst@FillFixed@ ...1\else \lst@hss #1\expandafter 
                                                  \lst@FillFixed@ \fi 
l.138 ├── 
                module-api/          # REST API 엔드포인트
I'm ignoring this; it doesn't match any \if.

./portfolio-paper.tex:138: Extra \fi.
\lst@FillFixed@ ...1\else \lst@hss #1\expandafter 
                                                  \lst@FillFixed@ \fi 
l.138 ├── 
                module-api/          # REST API 엔드포인트
I'm ignoring this; it doesn't match any \if.

./portfolio-paper.tex:138: Extra \fi.
\lst@FillFixed@ ...1\else \lst@hss #1\expandafter 
                                                  \lst@FillFixed@ \fi 
l.138 ├── 
                module-api/          # REST API 엔드포인트
I'm ignoring this; it doesn't match any \if.

./portfolio-paper.tex:138: Extra \fi.
\lst@FillFixed@ ...1\else \lst@hss #1\expandafter 
                                                  \lst@FillFixed@ \fi 
l.138 ├── 
                module-api/          # REST API 엔드포인트
I'm ignoring this; it doesn't match any \if.

./portfolio-paper.tex:138: Extra \fi.
\lst@FillFixed@ ...1\else \lst@hss #1\expandafter 
                                                  \lst@FillFixed@ \fi 
l.138 ├── 
                module-api/          # REST API 엔드포인트
I'm ignoring this; it doesn't match any \if.

./portfolio-paper.tex:138: Extra \fi.
\lst@FillFixed@ ...1\else \lst@hss #1\expandafter 
                                                  \lst@FillFixed@ \fi 
l.138 ├── 
                module-api/          # REST API 엔드포인트
I'm ignoring this; it doesn't match any \if.

./portfolio-paper.tex:138: Extra \fi.
\lst@FillFixed@ ...1\else \lst@hss #1\expandafter 
                                                  \lst@FillFixed@ \fi 
l.138 ├── 
                module-api/          # REST API 엔드포인트
I'm ignoring this; it doesn't match any \if.

./portfolio-paper.tex:138: Extra \fi.
\lst@FillFixed@ ...1\else \lst@hss #1\expandafter 
                                                  \lst@FillFixed@ \fi 
l.138 ├── 
                module-api/          # REST API 엔드포인트
I'm ignoring this; it doesn't match any \if.

./portfolio-paper.tex:138: Extra \fi.
\lst@FillFixed@ ...1\else \lst@hss #1\expandafter 
                                                  \lst@FillFixed@ \fi 
l.138 ├── 
                module-api/          # REST API 엔드포인트
I'm ignoring this; it doesn't match any \if.

./portfolio-paper.tex:138: Extra \fi.
\lst@FillFixed@ ...1\else \lst@hss #1\expandafter 
                                                  \lst@FillFixed@ \fi 
l.138 ├── 
                module-api/          # REST API 엔드포인트
I'm ignoring this; it doesn't match any \if.

./portfolio-paper.tex:138: Extra \fi.
\lst@FillFixed@ ...1\else \lst@hss #1\expandafter 
                                                  \lst@FillFixed@ \fi 
l.138 ├── 
                module-api/          # REST API 엔드포인트
I'm ignoring this; it doesn't match any \if.

./portfolio-paper.tex:138: Extra \fi.
\lst@FillFixed@ ...1\else \lst@hss #1\expandafter 
                                                  \lst@FillFixed@ \fi 
l.138 ├── 
                module-api/          # REST API 엔드포인트
I'm ignoring this; it doesn't match any \if.

./portfolio-paper.tex:138: Extra \fi.
\lst@FillFixed@ ...1\else \lst@hss #1\expandafter 
                                                  \lst@FillFixed@ \fi 
l.138 ├── 
                module-api/          # REST API 엔드포인트
I'm ignoring this; it doesn't match any \if.

./portfolio-paper.tex:138: Extra \fi.
\lst@FillFixed@ ...1\else \lst@hss #1\expandafter 
                                                  \lst@FillFixed@ \fi 
l.138 ├── 
                module-api/          # REST API 엔드포인트
I'm ignoring this; it doesn't match any \if.

./portfolio-paper.tex:138: Extra \fi.
\lst@FillFixed@ ...1\else \lst@hss #1\expandafter 
                                                  \lst@FillFixed@ \fi 
l.138 ├── 
                module-api/          # REST API 엔드포인트
I'm ignoring this; it doesn't match any \if.

./portfolio-paper.tex:138: Extra \fi.
\lst@FillFixed@ ...1\else \lst@hss #1\expandafter 
                                                  \lst@FillFixed@ \fi 
l.138 ├── 
                module-api/          # REST API 엔드포인트
I'm ignoring this; it doesn't match any \if.

./portfolio-paper.tex:138: Extra \fi.
\lst@FillFixed@ ...1\else \lst@hss #1\expandafter 
                                                  \lst@FillFixed@ \fi 
l.138 ├── 
                module-api/          # REST API 엔드포인트
I'm ignoring this; it doesn't match any \if.

./portfolio-paper.tex:138: Extra \fi.
\lst@FillFixed@ ...1\else \lst@hss #1\expandafter 
                                                  \lst@FillFixed@ \fi 
l.138 ├── 
                module-api/          # REST API 엔드포인트
I'm ignoring this; it doesn't match any \if.

./portfolio-paper.tex:138: Extra \fi.
\lst@FillFixed@ ...1\else \lst@hss #1\expandafter 
                                                  \lst@FillFixed@ \fi 
l.138 ├── 
                module-api/          # REST API 엔드포인트
I'm ignoring this; it doesn't match any \if.

./portfolio-paper.tex:138: Extra \fi.
\lst@FillFixed@ ...1\else \lst@hss #1\expandafter 
                                                  \lst@FillFixed@ \fi 
l.138 ├── 
                module-api/          # REST API 엔드포인트
I'm ignoring this; it doesn't match any \if.

./portfolio-paper.tex:138: Extra \fi.
\lst@FillFixed@ ...1\else \lst@hss #1\expandafter 
                                                  \lst@FillFixed@ \fi 
l.138 ├── 
                module-api/          # REST API 엔드포인트
(That makes 100 errors; please try again.) 
Here is how much of TeX's memory you used:
 14946 strings out of 473190
 230213 string characters out of 5715800
 660412 words of memory out of 5000000
 37967 multiletter control sequences out of 15000+600000
 596193 words of font info for 164 fonts, out of 8000000 for 9000
 1141 hyphenation exceptions out of 8191
 75i,12n,79p,665b,1111s stack positions out of 10000i,1000n,20000p,200000b,200000s

./portfolio-paper.tex:138:  ==> Fatal error occurred, no output PDF file produc
ed!
